2025-10-31 10:33:20,302 - my_app - INFO - Application started.
2025-10-31 10:33:20,302 - my_app - INFO - Application finished.
2025-10-31 10:41:11,141 - my_app - INFO - Application started.
2025-10-31 10:43:07,412 - my_app - INFO - Application started.
2025-10-31 10:43:21,439 - my_app - INFO - Application started.
2025-10-31 10:43:21,447 - my_app - INFO - Application finished.
2025-10-31 10:43:50,142 - my_app - INFO - Application started.
2025-10-31 10:43:50,160 - my_app - INFO - Application finished.
2025-10-31 10:44:32,481 - my_app - INFO - Application started.
2025-10-31 10:44:32,496 - my_app - INFO - Application finished.
2025-10-31 10:46:27,811 - my_app - INFO - Application started.
2025-10-31 10:46:27,828 - my_app - INFO - Application finished.
2025-10-31 10:58:19,779 - my_app - INFO - Application started.
2025-10-31 10:58:19,779 - my_app - INFO - CSV file '../files/sales.csv' correctly read
2025-10-31 10:58:19,779 - my_app - INFO - Application finished.
2025-10-31 10:58:31,450 - my_app - INFO - Application started.
2025-10-31 10:58:31,450 - my_app - ERROR - Error: The file '../files/saleqw.csv' was not found.
2025-10-31 10:58:31,450 - my_app - INFO - CSV file '../files/saleqw.csv' correctly read
2025-10-31 10:59:41,348 - my_app - INFO - Application started.
2025-10-31 10:59:41,348 - my_app - ERROR - Error: The file '../files/saleqw.csv' was not found.
2025-10-31 10:59:41,348 - my_app - INFO - Application finished.
2025-10-31 11:00:04,879 - my_app - INFO - Application started.
2025-10-31 11:00:04,879 - my_app - INFO - CSV file '../files/sales.csv' correctly read
2025-10-31 11:00:04,880 - my_app - INFO - Application finished.
2025-10-31 11:12:54,165 - my_app - INFO - CSV file '../files/sales.csv' correctly read
2025-10-31 11:12:54,166 - my_app - INFO - Application started.
2025-10-31 11:12:54,166 - my_app - INFO - CSV file '../files/sales.csv' correctly read
2025-10-31 11:13:58,755 - my_app - INFO - CSV file '../files/sales.csv' correctly read
2025-10-31 11:13:58,755 - my_app - INFO - Application started.
2025-10-31 11:13:58,755 - my_app - INFO - CSV file '../files/sales.csv' correctly read
2025-10-31 11:15:56,293 - my_app - INFO - CSV file '../files/sales.csv' correctly read
2025-10-31 11:15:56,293 - my_app - INFO - Application started.
2025-10-31 11:15:56,293 - my_app - INFO - CSV file '../files/sales.csv' correctly read
2025-10-31 11:16:06,550 - my_app - INFO - CSV file '../files/sales.csv' correctly read
2025-10-31 11:16:06,550 - my_app - INFO - Application started.
2025-10-31 11:16:06,551 - my_app - INFO - CSV file '../files/sales.csv' correctly read
2025-10-31 11:16:46,521 - my_app - INFO - CSV file '../files/sales.csv' correctly read
2025-10-31 11:16:46,521 - my_app - INFO - Application started.
2025-10-31 11:16:46,521 - my_app - INFO - CSV file '../files/sales.csv' correctly read
2025-10-31 11:16:46,541 - my_app - INFO - Application finished.
2025-10-31 11:18:09,439 - my_app - INFO - CSV file '../files/sales.csv' correctly read
2025-10-31 11:18:09,439 - my_app - INFO - Application started.
2025-10-31 11:18:09,439 - my_app - INFO - CSV file '../files/sales.csv' correctly read
2025-10-31 11:18:09,447 - my_app - INFO - Application finished.
2025-10-31 11:40:06,946 - my_app - INFO - Application started.
2025-10-31 11:40:06,982 - my_app - INFO - Application finished.
2025-10-31 12:46:26,949 - my_app - INFO - Application started.
2025-10-31 12:46:26,962 - my_app - INFO - Application finished.
2025-10-31 12:55:20,057 - my_app - INFO - Application started.
2025-10-31 12:55:20,059 - my_app - INFO - CSV file '../files/sales.csv' correctly read
2025-10-31 12:56:06,013 - my_app - INFO - Application started.
2025-10-31 12:56:06,013 - my_app - INFO - CSV file '../files/sales.csv' correctly read
2025-10-31 12:56:42,534 - my_app - INFO - Application started.
2025-10-31 12:56:42,535 - my_app - INFO - CSV file '../files/sales.csv' correctly read
2025-10-31 12:56:42,669 - my_app - INFO - Application finished.
2025-10-31 13:01:53,529 - my_app - INFO - Application started.
2025-10-31 13:02:14,783 - my_app - INFO - Application started.
2025-10-31 13:02:14,845 - my_app - INFO - Application finished.
2025-10-31 13:17:27,775 - my_app - INFO - Application started.
2025-10-31 13:17:27,912 - my_app - INFO - Application finished.
2025-10-31 13:35:11,510 - my_app - INFO - Application started.
2025-10-31 13:35:11,609 - my_app - INFO - Application finished.
